<?xml version="1.0" encoding="UTF-8"?>
<!-- Generated by org.testng.reporters.JUnitReportReporter -->
<testsuite hostname="Apurvas-MacBook-Pro.local" failures="0" tests="2" name="com.krn.actitime.users.CreateUser" time="48.366" errors="1" timestamp="2021-06-18T10:48:34 AEST" skipped="1">
  <testcase classname="com.krn.actitime.users.CreateUser" name="openBrowser" time="48.366">
    <error message="Failed to connect to binary FirefoxBinary(/Applications/Firefox.app/Contents/MacOS/firefox-bin) on port 7055; process output follows: 
2021-06-18 10:47:51.755 firefox-bin[987:14381] Warning: Expected min height of view: (&lt;NSButton: 0x12e4a4000&gt;) to be less than or equal to 30 but got a height of 32.000000. This error will be logged once per view in violation.
2021-06-18 10:47:51.756 firefox-bin[987:14381] Warning: Expected min height of view: (&lt;NSButton: 0x13cc43c00&gt;) to be less than or equal to 30 but got a height of 32.000000. This error will be logged once per view in violation.
2021-06-18 10:47:51.757 firefox-bin[987:14381] Warning: Expected min height of view: (&lt;NSButton: 0x13cc44000&gt;) to be less than or equal to 30 but got a height of 32.000000. This error will be logged once per view in violation.
2021-06-18 10:47:51.759 firefox-bin[987:14381] Warning: Expected min height of view: (&lt;NSButton: 0x13cc50400&gt;) to be less than or equal to 30 but got a height of 32.000000. This error will be logged once per view in violation.
2021-06-18 10:47:51.760 firefox-bin[987:14381] Warning: Expected min height of view: (&lt;NSButton: 0x13cc4f000&gt;) to be less than or equal to 30 but got a height of 32.000000. This error will be logged once per view in violation.
2021-06-18 10:47:51.762 firefox-bin[987:14381] Warning: Expected min height of view: (&lt;NSPopoverTouchBarItemButton: 0x13cc50000&gt;) to be less than or equal to 30 but got a height of 32.000000. This error will be logged once per view in violation.
2021-06-18 10:47:51.763 firefox-bin[987:14381] Warning: Expected min height of view: (&lt;NSPopoverTouchBarItemButton: 0x12e43cc00&gt;) to be less than or equal to 30 but got a height of 32.000000. This error will be logged once per view in violation.

Build info: version: &#039;2.53.1&#039;, revision: &#039;a36b8b1&#039;, time: &#039;2016-06-30 17:37:03&#039;
System info: host: &#039;Apurvas-MacBook-Pro.local&#039;, ip: &#039;127.0.0.1&#039;, os.name: &#039;Mac OS X&#039;, os.arch: &#039;x86_64&#039;, os.version: &#039;10.16&#039;, java.version: &#039;15.0.2&#039;
Driver info: driver.version: FirefoxDriver" type="org.openqa.selenium.WebDriverException">
      <![CDATA[org.openqa.selenium.WebDriverException: Failed to connect to binary FirefoxBinary(/Applications/Firefox.app/Contents/MacOS/firefox-bin) on port 7055; process output follows: 
2021-06-18 10:47:51.755 firefox-bin[987:14381] Warning: Expected min height of view: (<NSButton: 0x12e4a4000>) to be less than or equal to 30 but got a height of 32.000000. This error will be logged once per view in violation.
2021-06-18 10:47:51.756 firefox-bin[987:14381] Warning: Expected min height of view: (<NSButton: 0x13cc43c00>) to be less than or equal to 30 but got a height of 32.000000. This error will be logged once per view in violation.
2021-06-18 10:47:51.757 firefox-bin[987:14381] Warning: Expected min height of view: (<NSButton: 0x13cc44000>) to be less than or equal to 30 but got a height of 32.000000. This error will be logged once per view in violation.
2021-06-18 10:47:51.759 firefox-bin[987:14381] Warning: Expected min height of view: (<NSButton: 0x13cc50400>) to be less than or equal to 30 but got a height of 32.000000. This error will be logged once per view in violation.
2021-06-18 10:47:51.760 firefox-bin[987:14381] Warning: Expected min height of view: (<NSButton: 0x13cc4f000>) to be less than or equal to 30 but got a height of 32.000000. This error will be logged once per view in violation.
2021-06-18 10:47:51.762 firefox-bin[987:14381] Warning: Expected min height of view: (<NSPopoverTouchBarItemButton: 0x13cc50000>) to be less than or equal to 30 but got a height of 32.000000. This error will be logged once per view in violation.
2021-06-18 10:47:51.763 firefox-bin[987:14381] Warning: Expected min height of view: (<NSPopoverTouchBarItemButton: 0x12e43cc00>) to be less than or equal to 30 but got a height of 32.000000. This error will be logged once per view in violation.

Build info: version: '2.53.1', revision: 'a36b8b1', time: '2016-06-30 17:37:03'
System info: host: 'Apurvas-MacBook-Pro.local', ip: '127.0.0.1', os.name: 'Mac OS X', os.arch: 'x86_64', os.version: '10.16', java.version: '15.0.2'
Driver info: driver.version: FirefoxDriver
at org.openqa.selenium.firefox.internal.NewProfileExtensionConnection.start(NewProfileExtensionConnection.java:124)
at org.openqa.selenium.firefox.FirefoxDriver.startClient(FirefoxDriver.java:271)
at org.openqa.selenium.remote.RemoteWebDriver.<init>(RemoteWebDriver.java:119)
at org.openqa.selenium.firefox.FirefoxDriver.<init>(FirefoxDriver.java:218)
at org.openqa.selenium.firefox.FirefoxDriver.<init>(FirefoxDriver.java:211)
at org.openqa.selenium.firefox.FirefoxDriver.<init>(FirefoxDriver.java:207)
at org.openqa.selenium.firefox.FirefoxDriver.<init>(FirefoxDriver.java:120)
at com.krn.actitime.testBase.BaseClass.openBrowser(BaseClass.java:18)
at java.base/jdk.internal.reflect.NativeMethodAccessorImpl.invoke0(Native Method)
at java.base/jdk.internal.reflect.NativeMethodAccessorImpl.invoke(NativeMethodAccessorImpl.java:64)
at java.base/jdk.internal.reflect.DelegatingMethodAccessorImpl.invoke(DelegatingMethodAccessorImpl.java:43)
at java.base/java.lang.reflect.Method.invoke(Method.java:564)
at org.testng.internal.MethodInvocationHelper.invokeMethod(MethodInvocationHelper.java:133)
at org.testng.internal.MethodInvocationHelper.invokeMethodConsideringTimeout(MethodInvocationHelper.java:62)
at org.testng.internal.ConfigInvoker.invokeConfigurationMethod(ConfigInvoker.java:385)
at org.testng.internal.ConfigInvoker.invokeConfigurations(ConfigInvoker.java:321)
at org.testng.internal.TestMethodWorker.invokeBeforeClassMethods(TestMethodWorker.java:176)
at org.testng.internal.TestMethodWorker.run(TestMethodWorker.java:122)
at java.base/java.util.ArrayList.forEach(ArrayList.java:1511)
at org.testng.TestRunner.privateRun(TestRunner.java:794)
at org.testng.TestRunner.run(TestRunner.java:596)
at org.testng.SuiteRunner.runTest(SuiteRunner.java:377)
at org.testng.SuiteRunner.runSequentially(SuiteRunner.java:371)
at org.testng.SuiteRunner.privateRun(SuiteRunner.java:332)
at org.testng.SuiteRunner.run(SuiteRunner.java:276)
at org.testng.SuiteRunnerWorker.runSuite(SuiteRunnerWorker.java:53)
at org.testng.SuiteRunnerWorker.run(SuiteRunnerWorker.java:96)
at org.testng.TestNG.runSuitesSequentially(TestNG.java:1212)
at org.testng.TestNG.runSuitesLocally(TestNG.java:1134)
at org.testng.TestNG.runSuites(TestNG.java:1063)
at org.testng.TestNG.run(TestNG.java:1031)
at org.testng.remote.AbstractRemoteTestNG.run(AbstractRemoteTestNG.java:115)
at org.testng.remote.RemoteTestNG.initAndRun(RemoteTestNG.java:251)
at org.testng.remote.RemoteTestNG.main(RemoteTestNG.java:77)
Caused by: org.openqa.selenium.firefox.NotConnectedException: Unable to connect to host 127.0.0.1 on port 7055 after 45000 ms. Firefox console output:
2021-06-18 10:47:51.755 firefox-bin[987:14381] Warning: Expected min height of view: (<NSButton: 0x12e4a4000>) to be less than or equal to 30 but got a height of 32.000000. This error will be logged once per view in violation.
2021-06-18 10:47:51.756 firefox-bin[987:14381] Warning: Expected min height of view: (<NSButton: 0x13cc43c00>) to be less than or equal to 30 but got a height of 32.000000. This error will be logged once per view in violation.
2021-06-18 10:47:51.757 firefox-bin[987:14381] Warning: Expected min height of view: (<NSButton: 0x13cc44000>) to be less than or equal to 30 but got a height of 32.000000. This error will be logged once per view in violation.
2021-06-18 10:47:51.759 firefox-bin[987:14381] Warning: Expected min height of view: (<NSButton: 0x13cc50400>) to be less than or equal to 30 but got a height of 32.000000. This error will be logged once per view in violation.
2021-06-18 10:47:51.760 firefox-bin[987:14381] Warning: Expected min height of view: (<NSButton: 0x13cc4f000>) to be less than or equal to 30 but got a height of 32.000000. This error will be logged once per view in violation.
2021-06-18 10:47:51.762 firefox-bin[987:14381] Warning: Expected min height of view: (<NSPopoverTouchBarItemButton: 0x13cc50000>) to be less than or equal to 30 but got a height of 32.000000. This error will be logged once per view in violation.
2021-06-18 10:47:51.763 firefox-bin[987:14381] Warning: Expected min height of view: (<NSPopoverTouchBarItemButton: 0x12e43cc00>) to be less than or equal to 30 but got a height of 32.000000. This error will be logged once per view in violation.

at org.openqa.selenium.firefox.internal.NewProfileExtensionConnection.start(NewProfileExtensionConnection.java:112)
... 33 more
]]>
    </error>
  </testcase> <!-- openBrowser -->
  <system-out/>
  <testcase classname="com.krn.actitime.users.CreateUser" name="testCreateUser" time="0.000">
    <skipped/>
  </testcase> <!-- testCreateUser -->
  <system-out/>
</testsuite> <!-- com.krn.actitime.users.CreateUser -->
